<?xml version="1.0" encoding="utf-8"?><testsuites name="pytest tests"><testsuite name="pytest" errors="0" failures="0" skipped="0" tests="26" time="25.395" timestamp="2026-05-28T22:48:56.979090+00:00" hostname="agent-env-04048544-686a-45e9-a900-1b01a0516a60"><testcase classname="backend.tests.test_palette_match" name="test_health" time="0.246" /><testcase classname="backend.tests.test_palette_match" name="test_artists_list" time="0.141" /><testcase classname="backend.tests.test_palette_match" name="test_artist_get_single" time="0.132" /><testcase classname="backend.tests.test_palette_match" name="test_artists_filter_medium_q" time="0.117" /><testcase classname="backend.tests.test_palette_match" name="test_auth_session_invalid" time="0.229" /><testcase classname="backend.tests.test_palette_match" name="test_auth_me_unauth" time="0.104" /><testcase classname="backend.tests.test_palette_match" name="test_auth_me_with_bearer" time="0.112" /><testcase classname="backend.tests.test_palette_match" name="test_set_role" time="0.213" /><testcase classname="backend.tests.test_palette_match" name="test_set_role_invalid" time="0.134" /><testcase classname="backend.tests.test_palette_match" name="test_project_created_with_ai_brief" time="7.905" /><testcase classname="backend.tests.test_palette_match" name="test_project_get_owner" time="0.129" /><testcase classname="backend.tests.test_palette_match" name="test_project_get_non_owner_forbidden" time="0.111" /><testcase classname="backend.tests.test_palette_match" name="test_matches_returned" time="8.704" /><testcase classname="backend.tests.test_palette_match" name="test_isabella_top_match" time="0.000" /><testcase classname="backend.tests.test_palette_match" name="test_get_matches_sorted" time="0.139" /><testcase classname="backend.tests.test_palette_match" name="test_ai_pricing" time="4.188" /><testcase classname="backend.tests.test_palette_match" name="test_non_artist_cannot_propose" time="0.105" /><testcase classname="backend.tests.test_palette_match" name="test_proposal_created" time="0.114" /><testcase classname="backend.tests.test_palette_match" name="test_non_collector_cannot_accept" time="0.108" /><testcase classname="backend.tests.test_palette_match" name="test_accept_proposal_and_escrow" time="0.431" /><testcase classname="backend.tests.test_palette_match" name="test_complete_and_release" time="0.501" /><testcase classname="backend.tests.test_palette_match" name="test_messages_collector_and_artist" time="0.360" /><testcase classname="backend.tests.test_palette_match" name="test_messages_unauthorized" time="0.109" /><testcase classname="backend.tests.test_palette_match" name="test_review_creates_and_recomputes" time="0.346" /><testcase classname="backend.tests.test_palette_match" name="test_artist_profile_update_role_gate" time="0.110" /><testcase classname="backend.tests.test_palette_match" name="test_artist_profile_update_success" time="0.370" /></testsuite></testsuites>